2017-11-22 20:39:29,246 - RemouteClient - INFO - Create socket
2017-11-22 20:39:29,390 - RemouteClient - INFO - Connection done
2017-11-22 20:39:29,391 - RemouteClient - INFO - Close socket
2017-11-22 20:41:34,184 - RemouteClient - INFO - Create socket
2017-11-22 20:41:34,223 - RemouteClient - INFO - Connection done
2017-11-22 20:43:11,926 - RemouteClient - INFO - Action: LOGIN
2017-11-22 20:43:11,927 - RemouteClient - INFO - Loging message: {"name" : Mike}
2017-11-22 20:46:58,185 - RemouteClient - INFO - Create socket
2017-11-22 20:46:58,266 - RemouteClient - INFO - Connection done
2017-11-22 20:47:17,644 - RemouteClient - INFO - Action: LOGIN
2017-11-22 20:47:17,645 - RemouteClient - INFO - Loging message: {"name" : Mike}
2017-11-22 20:49:06,286 - RemouteClient - INFO - Create socket
2017-11-22 20:49:06,324 - RemouteClient - INFO - Connection done
2017-11-22 20:49:16,578 - RemouteClient - INFO - Action: LOGIN
2017-11-22 20:49:16,578 - RemouteClient - INFO - Loging message: {"name" : Mike}
2017-11-22 20:52:01,832 - RemouteClient - INFO - Create socket
2017-11-22 20:52:01,870 - RemouteClient - INFO - Connection done
2017-11-22 20:52:08,753 - RemouteClient - INFO - Action: LOGIN
2017-11-22 20:52:08,753 - RemouteClient - INFO - Loging message: {"name" : Mike}
2017-11-22 20:54:47,928 - RemouteClient - INFO - Action: LOGIN
2017-11-22 20:54:47,929 - RemouteClient - INFO - Loging message: {"name" : Mike}
2017-11-22 20:57:12,940 - RemouteClient - INFO - Action: LOGIN
2017-11-22 20:57:12,941 - RemouteClient - INFO - Loging message: {"name" : Mike}
2017-11-22 20:57:33,940 - RemouteClient - INFO - Create socket
2017-11-22 20:57:34,024 - RemouteClient - INFO - Connection done
2017-11-22 20:57:36,672 - RemouteClient - INFO - Action: LOGIN
2017-11-22 20:57:36,672 - RemouteClient - INFO - Loging message: {"name" : Mike}
2017-11-22 20:57:43,846 - RemouteClient - INFO - Action: LOGIN
2017-11-22 20:57:43,846 - RemouteClient - INFO - Loging message: {"name" : Mike}
2017-11-22 21:01:11,275 - RemouteClient - INFO - Create socket
2017-11-22 21:01:11,316 - RemouteClient - INFO - Connection done
2017-11-22 21:01:15,682 - RemouteClient - INFO - Action: LOGIN
2017-11-22 21:01:15,682 - RemouteClient - INFO - Loging message: {"name" : Mike}
2017-11-22 21:01:38,310 - RemouteClient - INFO - Action: LOGIN
2017-11-22 21:01:38,311 - RemouteClient - INFO - Loging message: { "layer": 0 }
2017-11-22 21:05:06,186 - RemouteClient - INFO - Create socket
2017-11-22 21:05:06,227 - RemouteClient - INFO - Connection done
2017-11-22 21:05:11,607 - RemouteClient - INFO - Action: LOGIN
2017-11-22 21:05:11,608 - RemouteClient - INFO - Loging message: {"name" : Mike}
2017-11-22 21:05:36,487 - RemouteClient - INFO - Action: LOGOUT
2017-11-22 21:05:36,488 - RemouteClient - INFO - Loging message: 
2017-11-22 21:06:50,845 - RemouteClient - INFO - Close socket
2017-11-22 21:12:00,843 - RemouteClient - INFO - Create socket
2017-11-22 21:12:00,880 - RemouteClient - INFO - Connection done
2017-11-22 21:12:06,118 - RemouteClient - INFO - Action: LOGIN
2017-11-22 21:12:06,119 - RemouteClient - INFO - Loging message: {'name': 'Mike'}
2017-11-22 21:12:55,418 - RemouteClient - INFO - Result code: 0
2017-11-22 21:12:55,419 - RemouteClient - INFO - Data: {
    "home": {
        "idx": 1,
        "post_id": 1
    },
    "idx": "bcd5c7a6-d4dd-4740-8b9f-c925a4cdfeb8",
    "name": "Mike",
    "train": [
        {
            "capacity": 15,
            "idx": 0,
            "line_idx": null,
            "player_id": "bcd5c7a6-d4dd-4740-8b9f-c925a4cdfeb8",
            "position": null,
            "product": 0,
            "speed": 0
        }
    ]
}
2017-11-22 21:13:53,827 - RemouteClient - INFO - Action: MAP
2017-11-22 21:13:53,828 - RemouteClient - INFO - Loging message: {'layer': 0}
2017-11-22 21:13:53,912 - RemouteClient - INFO - Result code: 0
2017-11-22 21:13:53,912 - RemouteClient - INFO - Data: {
    "idx": 1,
    "line": [
        {
            "idx": 1,
            "length": 10,
            "point": [
                1,
                7
            ]
        },
        {
            "idx": 2,
            "length": 10,
            "point": [
                8,
                2
            ]
        },
        {
            "idx": 3,
            "length": 10,
            "point": [
                9,
                3
            ]
        },
        {
            "idx": 4,
            "length": 10,
            "point": [
                10,
                4
            ]
        },
        {
            "idx": 5,
            "length": 10,
            "point": [
                11,
                5
            ]
        },
        {
            "idx": 6,
            "length": 10,
            "point": [
                12,
                6
            ]
        },
        {
            "idx": 7,
            "length": 10,
            "point": [
                7,
                8
            ]
        },
        {
            "idx": 8,
            "length": 10,
            "point": [
                8,
                9
            ]
        },
        {
            "idx": 9,
            "length": 10,
            "point": [
                9,
                10
            ]
        },
        {
            "idx": 10,
            "length": 10,
            "point": [
                10,
                11
            ]
        },
        {
            "idx": 11,
            "length": 10,
            "point": [
                11,
                12
            ]
        },
        {
            "idx": 12,
            "length": 10,
            "point": [
                12,
                7
            ]
        }
    ],
    "name": "map01",
    "point": [
        {
            "idx": 1,
            "post_id": 1
        },
        {
            "idx": 2,
            "post_id": null
        },
        {
            "idx": 3,
            "post_id": null
        },
        {
            "idx": 4,
            "post_id": null
        },
        {
            "idx": 5,
            "post_id": null
        },
        {
            "idx": 6,
            "post_id": null
        },
        {
            "idx": 7,
            "post_id": 2
        },
        {
            "idx": 8,
            "post_id": null
        },
        {
            "idx": 9,
            "post_id": null
        },
        {
            "idx": 10,
            "post_id": null
        },
        {
            "idx": 11,
            "post_id": null
        },
        {
            "idx": 12,
            "post_id": null
        }
    ]
}
2017-11-22 21:15:22,815 - RemouteClient - INFO - Action: MAP
2017-11-22 21:15:22,815 - RemouteClient - INFO - Loging message: {'layer': 1}
2017-11-22 21:15:22,889 - RemouteClient - INFO - Result code: 0
2017-11-22 21:15:22,890 - RemouteClient - INFO - Data: {
    "idx": 1,
    "post": [
        {
            "armor": 0,
            "idx": 1,
            "name": "town-one",
            "population": 10,
            "product": 0,
            "type": 1
        },
        {
            "idx": 2,
            "name": "market-one",
            "product": 20,
            "type": 2
        }
    ],
    "train": [
        {
            "capacity": 15,
            "idx": 0,
            "line_idx": null,
            "player_id": "bcd5c7a6-d4dd-4740-8b9f-c925a4cdfeb8",
            "position": null,
            "product": 0,
            "speed": 0
        }
    ]
}
2017-11-22 21:17:10,677 - RemouteClient - INFO - Action: TURN
2017-11-22 21:17:10,678 - RemouteClient - INFO - Loging message: None
2017-11-22 21:17:15,129 - RemouteClient - INFO - Result code: 0
2017-11-22 21:17:15,129 - RemouteClient - INFO - Data: 
2017-11-22 21:17:25,615 - RemouteClient - INFO - Action: MAP
2017-11-22 21:17:25,616 - RemouteClient - INFO - Loging message: {'layer': 1}
2017-11-22 21:17:25,690 - RemouteClient - INFO - Result code: 0
2017-11-22 21:17:25,690 - RemouteClient - INFO - Data: {
    "idx": 1,
    "post": [
        {
            "armor": 0,
            "idx": 1,
            "name": "town-one",
            "population": 10,
            "product": 0,
            "type": 1
        },
        {
            "idx": 2,
            "name": "market-one",
            "product": 20,
            "type": 2
        }
    ],
    "train": [
        {
            "capacity": 15,
            "idx": 0,
            "line_idx": null,
            "player_id": "bcd5c7a6-d4dd-4740-8b9f-c925a4cdfeb8",
            "position": null,
            "product": 0,
            "speed": 0
        }
    ]
}
2017-11-22 21:18:53,625 - RemouteClient - INFO - Action: MOVE
2017-11-22 21:18:53,625 - RemouteClient - INFO - Loging message: {'line_idx': 1, 'speed': 1, 'train_idx': 0}
2017-11-22 21:18:57,619 - RemouteClient - INFO - Result code: 0
2017-11-22 21:18:57,620 - RemouteClient - INFO - Data: 
2017-11-22 21:19:03,392 - RemouteClient - INFO - Action: MAP
2017-11-22 21:19:03,393 - RemouteClient - INFO - Loging message: {'layer': 1}
2017-11-22 21:19:03,467 - RemouteClient - INFO - Result code: 0
2017-11-22 21:19:03,468 - RemouteClient - INFO - Data: {
    "idx": 1,
    "post": [
        {
            "armor": 0,
            "idx": 1,
            "name": "town-one",
            "population": 10,
            "product": 0,
            "type": 1
        },
        {
            "idx": 2,
            "name": "market-one",
            "product": 20,
            "type": 2
        }
    ],
    "train": [
        {
            "capacity": 15,
            "idx": 0,
            "line_idx": 1,
            "player_id": "bcd5c7a6-d4dd-4740-8b9f-c925a4cdfeb8",
            "position": 10,
            "product": 15,
            "speed": 0
        }
    ]
}
2017-11-22 21:19:31,816 - RemouteClient - INFO - Action: MAP
2017-11-22 21:19:31,816 - RemouteClient - INFO - Loging message: {'layer': 1}
2017-11-22 21:19:31,889 - RemouteClient - INFO - Result code: 0
2017-11-22 21:19:31,890 - RemouteClient - INFO - Data: {
    "idx": 1,
    "post": [
        {
            "armor": 0,
            "idx": 1,
            "name": "town-one",
            "population": 10,
            "product": 0,
            "type": 1
        },
        {
            "idx": 2,
            "name": "market-one",
            "product": 20,
            "type": 2
        }
    ],
    "train": [
        {
            "capacity": 15,
            "idx": 0,
            "line_idx": 1,
            "player_id": "bcd5c7a6-d4dd-4740-8b9f-c925a4cdfeb8",
            "position": 10,
            "product": 15,
            "speed": 0
        }
    ]
}
2017-11-22 21:19:47,121 - RemouteClient - INFO - Action: TURN
2017-11-22 21:19:47,122 - RemouteClient - INFO - Loging message: None
2017-11-22 21:19:50,392 - RemouteClient - INFO - Action: MAP
2017-11-22 21:19:50,393 - RemouteClient - INFO - Loging message: {'layer': 1}
2017-11-22 21:19:50,393 - RemouteClient - INFO - Result code: 0
2017-11-22 21:19:50,394 - RemouteClient - INFO - Data: 
2017-11-22 21:20:06,488 - RemouteClient - INFO - Action: MAP
2017-11-22 21:20:06,489 - RemouteClient - INFO - Loging message: {'layer': 0}
2017-11-22 21:20:06,489 - RemouteClient - INFO - Result code: 0
2017-11-22 21:20:06,490 - RemouteClient - INFO - Data: {
    "idx": 1,
    "post": [
        {
            "armor": 0,
            "idx": 1,
            "name": "town-one",
            "population": 10,
            "product": 0,
            "type": 1
        },
        {
            "idx": 2,
            "name": "market-one",
            "product": 20,
            "type": 2
        }
    ],
    "train": [
        {
            "capacity": 15,
            "idx": 0,
            "line_idx": 1,
            "player_id": "bcd5c7a6-d4dd-4740-8b9f-c925a4cdfeb8",
            "position": 10,
            "product": 15,
            "speed": 0
        }
    ]
}
2017-11-22 21:20:50,465 - RemouteClient - INFO - Result code: 0
2017-11-22 21:20:50,465 - RemouteClient - INFO - Data: {
    "idx": 1,
    "line": [
        {
            "idx": 1,
            "length": 10,
            "point": [
                1,
                7
            ]
        },
        {
            "idx": 2,
            "length": 10,
            "point": [
                8,
                2
            ]
        },
        {
            "idx": 3,
            "length": 10,
            "point": [
                9,
                3
            ]
        },
        {
            "idx": 4,
            "length": 10,
            "point": [
                10,
                4
            ]
        },
        {
            "idx": 5,
            "length": 10,
            "point": [
                11,
                5
            ]
        },
        {
            "idx": 6,
            "length": 10,
            "point": [
                12,
                6
            ]
        },
        {
            "idx": 7,
            "length": 10,
            "point": [
                7,
                8
            ]
        },
        {
            "idx": 8,
            "length": 10,
            "point": [
                8,
                9
            ]
        },
        {
            "idx": 9,
            "length": 10,
            "point": [
                9,
                10
            ]
        },
        {
            "idx": 10,
            "length": 10,
            "point": [
                10,
                11
            ]
        },
        {
            "idx": 11,
            "length": 10,
            "point": [
                11,
                12
            ]
        },
        {
            "idx": 12,
            "length": 10,
            "point": [
                12,
                7
            ]
        }
    ],
    "name": "map01",
    "point": [
        {
            "idx": 1,
            "post_id": 1
        },
        {
            "idx": 2,
            "post_id": null
        },
        {
            "idx": 3,
            "post_id": null
        },
        {
            "idx": 4,
            "post_id": null
        },
        {
            "idx": 5,
            "post_id": null
        },
        {
            "idx": 6,
            "post_id": null
        },
        {
            "idx": 7,
            "post_id": 2
        },
        {
            "idx": 8,
            "post_id": null
        },
        {
            "idx": 9,
            "post_id": null
        },
        {
            "idx": 10,
            "post_id": null
        },
        {
            "idx": 11,
            "post_id": null
        },
        {
            "idx": 12,
            "post_id": null
        }
    ]
}
2017-11-22 21:20:56,068 - RemouteClient - INFO - Action: MAP
2017-11-22 21:20:56,068 - RemouteClient - INFO - Loging message: {'layer': 1}
2017-11-22 21:20:56,141 - RemouteClient - INFO - Result code: 0
2017-11-22 21:20:56,142 - RemouteClient - INFO - Data: {
    "idx": 1,
    "post": [
        {
            "armor": 0,
            "idx": 1,
            "name": "town-one",
            "population": 10,
            "product": 0,
            "type": 1
        },
        {
            "idx": 2,
            "name": "market-one",
            "product": 20,
            "type": 2
        }
    ],
    "train": [
        {
            "capacity": 15,
            "idx": 0,
            "line_idx": 1,
            "player_id": "bcd5c7a6-d4dd-4740-8b9f-c925a4cdfeb8",
            "position": 10,
            "product": 15,
            "speed": 0
        }
    ]
}
2017-11-22 21:21:24,396 - RemouteClient - INFO - Action: MOVE
2017-11-22 21:21:24,397 - RemouteClient - INFO - Loging message: {'line_idx': 1, 'speed': -1, 'train_idx': 0}
2017-11-22 21:21:26,064 - RemouteClient - INFO - Action: MAP
2017-11-22 21:21:26,065 - RemouteClient - INFO - Loging message: {'layer': 1}
2017-11-22 21:21:26,065 - RemouteClient - INFO - Result code: 0
2017-11-22 21:21:26,130 - RemouteClient - INFO - Data: 
2017-11-22 21:21:29,460 - RemouteClient - INFO - Action: MOVE
2017-11-22 21:21:29,460 - RemouteClient - INFO - Loging message: {'line_idx': 1, 'speed': -1, 'train_idx': 0}
2017-11-22 21:21:34,638 - RemouteClient - INFO - Action: MAP
2017-11-22 21:21:34,639 - RemouteClient - INFO - Loging message: {'layer': 1}
2017-11-22 21:21:34,639 - RemouteClient - INFO - Result code: 0
2017-11-22 21:21:34,640 - RemouteClient - INFO - Data: {
    "idx": 1,
    "post": [
        {
            "armor": 0,
            "idx": 1,
            "name": "town-one",
            "population": 10,
            "product": 15,
            "type": 1
        },
        {
            "idx": 2,
            "name": "market-one",
            "product": 20,
            "type": 2
        }
    ],
    "train": [
        {
            "capacity": 15,
            "idx": 0,
            "line_idx": 1,
            "player_id": "bcd5c7a6-d4dd-4740-8b9f-c925a4cdfeb8",
            "position": 0,
            "product": 0,
            "speed": 0
        }
    ]
}
2017-11-22 21:22:35,456 - RemouteClient - INFO - Action: MAP
2017-11-22 21:22:35,457 - RemouteClient - INFO - Loging message: {'layer': 0}
2017-11-22 21:22:35,458 - RemouteClient - INFO - Result code: 0
2017-11-22 21:22:35,458 - RemouteClient - INFO - Data: 
2017-11-22 21:22:40,266 - RemouteClient - INFO - Result code: 0
2017-11-22 21:22:40,266 - RemouteClient - INFO - Data: {
    "idx": 1,
    "post": [
        {
            "armor": 0,
            "idx": 1,
            "name": "town-one",
            "population": 10,
            "product": 15,
            "type": 1
        },
        {
            "idx": 2,
            "name": "market-one",
            "product": 20,
            "type": 2
        }
    ],
    "train": [
        {
            "capacity": 15,
            "idx": 0,
            "line_idx": 1,
            "player_id": "bcd5c7a6-d4dd-4740-8b9f-c925a4cdfeb8",
            "position": 0,
            "product": 0,
            "speed": 0
        }
    ]
}
2017-11-22 21:23:57,313 - RemouteClient - INFO - Create socket
2017-11-22 21:23:57,409 - RemouteClient - INFO - Connection done
2017-11-22 21:24:03,557 - RemouteClient - INFO - Action: LOGIN
2017-11-22 21:24:03,558 - RemouteClient - INFO - Loging message: {'name': 'Mike'}
2017-11-22 21:24:17,529 - RemouteClient - INFO - Result code: 0
2017-11-22 21:24:17,530 - RemouteClient - INFO - Data: {
    "home": null,
    "idx": "bcd5c7a6-d4dd-4740-8b9f-c925a4cdfeb8",
    "name": "Mike",
    "train": []
}
2017-11-22 21:24:38,397 - RemouteClient - INFO - Action: MAP
2017-11-22 21:24:38,397 - RemouteClient - INFO - Loging message: {'layer': 0}
2017-11-22 21:24:38,475 - RemouteClient - INFO - Result code: 0
2017-11-22 21:24:38,475 - RemouteClient - INFO - Data: {
    "idx": 1,
    "line": [
        {
            "idx": 1,
            "length": 10,
            "point": [
                1,
                7
            ]
        },
        {
            "idx": 2,
            "length": 10,
            "point": [
                8,
                2
            ]
        },
        {
            "idx": 3,
            "length": 10,
            "point": [
                9,
                3
            ]
        },
        {
            "idx": 4,
            "length": 10,
            "point": [
                10,
                4
            ]
        },
        {
            "idx": 5,
            "length": 10,
            "point": [
                11,
                5
            ]
        },
        {
            "idx": 6,
            "length": 10,
            "point": [
                12,
                6
            ]
        },
        {
            "idx": 7,
            "length": 10,
            "point": [
                7,
                8
            ]
        },
        {
            "idx": 8,
            "length": 10,
            "point": [
                8,
                9
            ]
        },
        {
            "idx": 9,
            "length": 10,
            "point": [
                9,
                10
            ]
        },
        {
            "idx": 10,
            "length": 10,
            "point": [
                10,
                11
            ]
        },
        {
            "idx": 11,
            "length": 10,
            "point": [
                11,
                12
            ]
        },
        {
            "idx": 12,
            "length": 10,
            "point": [
                12,
                7
            ]
        }
    ],
    "name": "map01",
    "point": [
        {
            "idx": 1,
            "post_id": 1
        },
        {
            "idx": 2,
            "post_id": null
        },
        {
            "idx": 3,
            "post_id": null
        },
        {
            "idx": 4,
            "post_id": null
        },
        {
            "idx": 5,
            "post_id": null
        },
        {
            "idx": 6,
            "post_id": null
        },
        {
            "idx": 7,
            "post_id": 2
        },
        {
            "idx": 8,
            "post_id": null
        },
        {
            "idx": 9,
            "post_id": null
        },
        {
            "idx": 10,
            "post_id": null
        },
        {
            "idx": 11,
            "post_id": null
        },
        {
            "idx": 12,
            "post_id": null
        }
    ]
}
2017-11-22 21:24:54,630 - RemouteClient - INFO - Action: MAP
2017-11-22 21:24:54,630 - RemouteClient - INFO - Loging message: {'layer': 1}
2017-11-22 21:24:54,707 - RemouteClient - INFO - Result code: 0
2017-11-22 21:24:54,707 - RemouteClient - INFO - Data: {
    "idx": 1,
    "post": [
        {
            "armor": 0,
            "idx": 1,
            "name": "town-one",
            "population": 10,
            "product": 15,
            "type": 1
        },
        {
            "idx": 2,
            "name": "market-one",
            "product": 20,
            "type": 2
        }
    ],
    "train": [
        {
            "capacity": 15,
            "idx": 0,
            "line_idx": 1,
            "player_id": "bcd5c7a6-d4dd-4740-8b9f-c925a4cdfeb8",
            "position": 0,
            "product": 0,
            "speed": 0
        }
    ]
}
2017-11-22 21:34:13,857 - RemouteClient - INFO - Action: LOGOUT
2017-11-22 21:34:13,858 - RemouteClient - INFO - Loging message: None
2017-11-22 21:34:18,261 - RemouteClient - INFO - Result code: 0
2017-11-22 21:34:18,261 - RemouteClient - INFO - Data: 
2017-11-22 21:34:40,955 - RemouteClient - INFO - Close socket
2017-11-22 21:40:51,050 - RemouteClient - INFO - Create socket
2017-11-22 21:40:51,120 - RemouteClient - INFO - Connection done
2017-11-22 21:41:09,301 - RemouteClient - INFO - Create socket
2017-11-22 21:41:09,340 - RemouteClient - INFO - Connection done
2017-11-22 21:41:09,381 - RemouteClient - INFO - Close socket
2017-11-22 21:45:25,719 - RemouteClient - INFO - Create socket
2017-11-22 21:45:25,765 - RemouteClient - INFO - Connection done
2017-11-22 21:45:25,766 - RemouteClient - INFO - Action: LOGIN
2017-11-22 21:45:25,767 - RemouteClient - INFO - Loging message: {'name': 'Test_Conway'}
2017-11-22 21:45:25,848 - RemouteClient - INFO - Result code: 0
2017-11-22 21:45:25,848 - RemouteClient - INFO - Data: {
    "home": {
        "idx": 1,
        "post_id": 1
    },
    "idx": "d33f0ea2-3c34-497f-9e3b-f68a827286b8",
    "name": "Test_Conway",
    "train": [
        {
            "capacity": 15,
            "idx": 0,
            "line_idx": null,
            "player_id": "d33f0ea2-3c34-497f-9e3b-f68a827286b8",
            "position": null,
            "product": 0,
            "speed": 0
        }
    ]
}
2017-11-22 21:45:25,906 - RemouteClient - INFO - Close socket
2017-11-22 21:45:46,576 - RemouteClient - INFO - Create socket
2017-11-22 21:45:46,615 - RemouteClient - INFO - Connection done
2017-11-22 21:45:46,616 - RemouteClient - INFO - Action: LOGIN
2017-11-22 21:45:46,617 - RemouteClient - INFO - Loging message: {'name': 'Test_Conway'}
2017-11-22 21:45:46,653 - RemouteClient - INFO - Result code: 0
2017-11-22 21:45:46,653 - RemouteClient - INFO - Data: {
    "home": null,
    "idx": "d33f0ea2-3c34-497f-9e3b-f68a827286b8",
    "name": "Test_Conway",
    "train": []
}
2017-11-22 21:45:46,655 - RemouteClient - INFO - Close socket
2017-11-22 21:55:42,451 - RemouteClient - INFO - Create socket
2017-11-22 21:55:42,489 - RemouteClient - INFO - Connection done
2017-11-22 21:55:42,535 - RemouteClient - INFO - Close socket
2017-11-22 21:55:42,538 - RemouteClient - INFO - Create socket
2017-11-22 21:55:42,575 - RemouteClient - INFO - Connection done
2017-11-22 21:55:42,576 - RemouteClient - INFO - Action: LOGIN
2017-11-22 21:55:42,577 - RemouteClient - INFO - Loging message: {'name': 'Test'}
2017-11-22 21:55:42,652 - RemouteClient - INFO - Result code: 0
2017-11-22 21:55:42,652 - RemouteClient - INFO - Data: {
    "home": {
        "idx": 1,
        "post_id": 1
    },
    "idx": "57399c40-b5d4-49bd-b652-61d4ba2085ae",
    "name": "Test",
    "train": [
        {
            "capacity": 15,
            "idx": 0,
            "line_idx": null,
            "player_id": "57399c40-b5d4-49bd-b652-61d4ba2085ae",
            "position": null,
            "product": 0,
            "speed": 0
        }
    ]
}
2017-11-22 21:55:42,653 - RemouteClient - INFO - Action: MOVE
2017-11-22 21:55:42,653 - RemouteClient - INFO - Loging message: {'line_idx': 1, 'speed': 1, 'train_idx': 0}
2017-11-22 21:55:42,730 - RemouteClient - INFO - Result code: 0
2017-11-22 21:55:42,730 - RemouteClient - INFO - Data: 
2017-11-22 21:55:42,731 - RemouteClient - INFO - Action: TURN
2017-11-22 21:55:42,731 - RemouteClient - INFO - Loging message: None
2017-11-22 21:55:42,808 - RemouteClient - INFO - Result code: 0
2017-11-22 21:55:42,808 - RemouteClient - INFO - Data: 
2017-11-22 21:55:42,809 - RemouteClient - INFO - Action: LOGOUT
2017-11-22 21:55:42,809 - RemouteClient - INFO - Loging message: None
2017-11-22 21:55:42,846 - RemouteClient - INFO - Result code: 0
2017-11-22 21:55:42,847 - RemouteClient - INFO - Data: 
2017-11-22 21:55:42,848 - RemouteClient - INFO - Close socket
2017-11-22 21:56:07,762 - RemouteClient - INFO - Create socket
2017-11-22 21:56:07,832 - RemouteClient - INFO - Connection done
2017-11-22 21:56:07,833 - RemouteClient - INFO - Action: LOGIN
2017-11-22 21:56:07,834 - RemouteClient - INFO - Loging message: {'name': 'Test_Conway'}
2017-11-22 21:56:07,904 - RemouteClient - INFO - Result code: 0
2017-11-22 21:56:07,904 - RemouteClient - INFO - Data: {
    "home": null,
    "idx": "d33f0ea2-3c34-497f-9e3b-f68a827286b8",
    "name": "Test_Conway",
    "train": []
}
2017-11-22 21:56:07,906 - RemouteClient - INFO - Close socket
2017-11-22 21:56:07,909 - RemouteClient - INFO - Create socket
2017-11-22 21:56:07,946 - RemouteClient - INFO - Connection done
2017-11-22 21:56:07,947 - RemouteClient - INFO - Action: LOGIN
2017-11-22 21:56:07,948 - RemouteClient - INFO - Loging message: {'name': 'Test'}
2017-11-22 21:56:08,021 - RemouteClient - INFO - Result code: 0
2017-11-22 21:56:08,021 - RemouteClient - INFO - Data: {
    "home": {
        "idx": 1,
        "post_id": 1
    },
    "idx": "57399c40-b5d4-49bd-b652-61d4ba2085ae",
    "name": "Test",
    "train": [
        {
            "capacity": 15,
            "idx": 0,
            "line_idx": null,
            "player_id": "57399c40-b5d4-49bd-b652-61d4ba2085ae",
            "position": null,
            "product": 0,
            "speed": 0
        }
    ]
}
2017-11-22 21:56:08,022 - RemouteClient - INFO - Action: MOVE
2017-11-22 21:56:08,022 - RemouteClient - INFO - Loging message: {'line_idx': 1, 'speed': 1, 'train_idx': 0}
2017-11-22 21:56:08,091 - RemouteClient - INFO - Result code: 0
2017-11-22 21:56:08,091 - RemouteClient - INFO - Data: 
2017-11-22 21:56:08,092 - RemouteClient - INFO - Action: TURN
2017-11-22 21:56:08,092 - RemouteClient - INFO - Loging message: None
2017-11-22 21:56:08,127 - RemouteClient - INFO - Result code: 0
2017-11-22 21:56:08,127 - RemouteClient - INFO - Data: 
2017-11-22 21:56:08,127 - RemouteClient - INFO - Action: LOGOUT
2017-11-22 21:56:08,128 - RemouteClient - INFO - Loging message: None
2017-11-22 21:56:08,246 - RemouteClient - INFO - Close socket
2017-11-22 21:58:12,355 - RemouteClient - INFO - Create socket
2017-11-22 21:58:12,418 - RemouteClient - INFO - Connection done
2017-11-22 21:58:12,419 - RemouteClient - INFO - Action: LOGIN
2017-11-22 21:58:12,420 - RemouteClient - INFO - Loging message: {'name': 'Test_Conway'}
2017-11-22 21:58:12,453 - RemouteClient - INFO - Result code: 0
2017-11-22 21:58:12,453 - RemouteClient - INFO - Data: {
    "home": null,
    "idx": "d33f0ea2-3c34-497f-9e3b-f68a827286b8",
    "name": "Test_Conway",
    "train": []
}
2017-11-22 21:58:12,455 - RemouteClient - INFO - Close socket
2017-11-22 21:58:12,457 - RemouteClient - INFO - Create socket
2017-11-22 21:58:12,493 - RemouteClient - INFO - Connection done
2017-11-22 21:58:12,494 - RemouteClient - INFO - Action: LOGIN
2017-11-22 21:58:12,495 - RemouteClient - INFO - Loging message: {'name': 'Test'}
2017-11-22 21:58:12,566 - RemouteClient - INFO - Result code: 0
2017-11-22 21:58:12,566 - RemouteClient - INFO - Data: {
    "home": {
        "idx": 1,
        "post_id": 1
    },
    "idx": "57399c40-b5d4-49bd-b652-61d4ba2085ae",
    "name": "Test",
    "train": [
        {
            "capacity": 15,
            "idx": 0,
            "line_idx": null,
            "player_id": "57399c40-b5d4-49bd-b652-61d4ba2085ae",
            "position": null,
            "product": 0,
            "speed": 0
        }
    ]
}
2017-11-22 21:58:12,566 - RemouteClient - INFO - Action: MOVE
2017-11-22 21:58:12,566 - RemouteClient - INFO - Loging message: {'line_idx': 1, 'speed': 1, 'train_idx': 0}
2017-11-22 21:58:12,695 - RemouteClient - INFO - Result code: 0
2017-11-22 21:58:12,695 - RemouteClient - INFO - Data: 
2017-11-22 21:58:12,696 - RemouteClient - INFO - Action: TURN
2017-11-22 21:58:12,696 - RemouteClient - INFO - Loging message: None
2017-11-22 21:58:12,770 - RemouteClient - INFO - Result code: 0
2017-11-22 21:58:12,770 - RemouteClient - INFO - Data: 
2017-11-22 21:58:12,771 - RemouteClient - INFO - Action: LOGOUT
2017-11-22 21:58:12,771 - RemouteClient - INFO - Loging message: None
2017-11-22 21:58:12,772 - RemouteClient - INFO - Close socket
